<?xml version="1.0" encoding="UTF-8"?>
<!-- Generated by org.testng.reporters.JUnitReportReporter -->
<testsuite skipped="0" hostname="DESKTOP-3V1LPDJ" name="om.orangehrmTry.WithScreenshot" tests="2" failures="0" timestamp="05 Feb 2019 11:45:41 GMT" time="150.796" errors="0">
  <testcase name="logIn" time="92.466" classname="om.orangehrmTry.WithScreenshot"/>
  <testcase name="addEmployee" time="58.330" classname="om.orangehrmTry.WithScreenshot"/>
</testsuite> <!-- om.orangehrmTry.WithScreenshot -->
