<?xml version="1.0" encoding="UTF-8"?>
<!-- Generated by org.testng.reporters.JUnitReportReporter -->
<testsuite skipped="0" hostname="DESKTOP-3V1LPDJ" name="faceBookFinalScripts.PomFaceBook_TestCases" tests="1" failures="0" timestamp="08 Feb 2019 10:09:17 GMT" time="98.617" errors="0">
  <testcase name="setUp" time="98.617" classname="faceBookFinalScripts.PomFaceBook_TestCases"/>
</testsuite> <!-- faceBookFinalScripts.PomFaceBook_TestCases -->
