<?xml version="1.0" encoding="UTF-8"?>
<!-- Generated by org.testng.reporters.JUnitReportReporter -->
<testsuite skipped="0" hostname="DESKTOP-3V1LPDJ" name="com.RealTestingFrameWorks.Testing1" tests="1" failures="0" timestamp="25 Jan 2019 06:33:08 GMT" time="69.563" errors="0">
  <testcase name="Testcase_1" time="69.563" classname="com.RealTestingFrameWorks.Testing1"/>
</testsuite> <!-- com.RealTestingFrameWorks.Testing1 -->
