<?xml version="1.0" encoding="UTF-8"?>
<!-- Generated by org.testng.reporters.JUnitReportReporter -->
<testsuite skipped="0" hostname="DESKTOP-3V1LPDJ" name="com.getIntValue_FromExcel.NewToursRegistration_Validation" tests="2" failures="0" timestamp="09 Feb 2019 06:02:06 GMT" time="79.028" errors="0">
  <testcase name="navigateToRegister" time="9.491" classname="com.getIntValue_FromExcel.NewToursRegistration_Validation"/>
  <testcase name="newToursRegisterFunction" time="69.537" classname="com.getIntValue_FromExcel.NewToursRegistration_Validation"/>
</testsuite> <!-- com.getIntValue_FromExcel.NewToursRegistration_Validation -->
