<?xml version="1.0" encoding="UTF-8"?>
<!-- Generated by org.testng.reporters.JUnitReportReporter -->
<testsuite skipped="0" hostname="DESKTOP-3V1LPDJ" name="com.AfterTestNG.Annitation2" tests="3" failures="0" timestamp="25 Jan 2019 06:20:41 GMT" time="0.033" errors="0">
  <testcase name="Composemail" time="0.022" classname="com.AfterTestNG.Annitation2"/>
  <testcase name="Inbox" time="0.005" classname="com.AfterTestNG.Annitation2"/>
  <testcase name="Draft" time="0.006" classname="com.AfterTestNG.Annitation2"/>
</testsuite> <!-- com.AfterTestNG.Annitation2 -->
