<?xml version="1.0" encoding="UTF-8"?>
<!-- Generated by org.testng.reporters.JUnitReportReporter -->
<testsuite skipped="0" hostname="DESKTOP-3V1LPDJ" name="com.OrangHRM_Validation_Framwork.LogIn_Functionality_Validation" tests="1" failures="0" timestamp="26 Jan 2019 08:27:56 GMT" time="37.415" errors="0">
  <testcase name="logIn" time="37.415" classname="com.OrangHRM_Validation_Framwork.LogIn_Functionality_Validation"/>
</testsuite> <!-- com.OrangHRM_Validation_Framwork.LogIn_Functionality_Validation -->
