<?xml version="1.0" encoding="UTF-8"?>
<!-- Generated by org.testng.reporters.JUnitReportReporter -->
<testsuite skipped="1" hostname="DESKTOP-3V1LPDJ" name="com.AfterTestNG.Annotation1" tests="5" failures="0" timestamp="25 Jan 2019 06:11:18 GMT" time="0.053" errors="0">
  <testcase name="applicationlaunch" time="0.030" classname="com.AfterTestNG.Annotation1"/>
  <testcase name="login" time="0.005" classname="com.AfterTestNG.Annotation1"/>
  <testcase name="inbox" time="0.009" classname="com.AfterTestNG.Annotation1"/>
  <testcase name="composemail" time="0.009" classname="com.AfterTestNG.Annotation1"/>
  <testcase name="sentmail" classname="com.AfterTestNG.Annotation1">
    <skipped/>
  </testcase> <!-- sentmail -->
</testsuite> <!-- com.AfterTestNG.Annotation1 -->
