<?xml version="1.0" encoding="UTF-8"?>
<!-- Generated by org.testng.reporters.JUnitReportReporter -->
<testsuite skipped="0" hostname="DESKTOP-3V1LPDJ" name="com.AfterTestNG.Annotation3" tests="3" failures="0" timestamp="25 Jan 2019 06:23:07 GMT" time="0.064" errors="0">
  <testcase name="Inbox" time="0.032" classname="com.AfterTestNG.Annotation3"/>
  <testcase name="Composemail" time="0.026" classname="com.AfterTestNG.Annotation3"/>
  <testcase name="Draft" time="0.006" classname="com.AfterTestNG.Annotation3"/>
</testsuite> <!-- com.AfterTestNG.Annotation3 -->
