<?xml version="1.0" encoding="UTF-8"?>
<!-- Generated by org.testng.reporters.JUnitReportReporter -->
<testsuite skipped="0" hostname="DESKTOP-3V1LPDJ" name="com.OrangHRM_Validation_Framwork.Hrm_TestCases" tests="2" failures="0" timestamp="27 Jan 2019 07:40:49 GMT" time="97.064" errors="0">
  <testcase name="logIn" time="47.139" classname="com.OrangHRM_Validation_Framwork.Hrm_TestCases"/>
  <testcase name="addEmployee" time="49.925" classname="com.OrangHRM_Validation_Framwork.Hrm_TestCases"/>
</testsuite> <!-- com.OrangHRM_Validation_Framwork.Hrm_TestCases -->
