<?xml version="1.0" encoding="UTF-8"?>
<!-- Generated by org.testng.reporters.JUnitReportReporter -->
<testsuite skipped="0" hostname="DESKTOP-3V1LPDJ" name="com.mavenFirst.Log4j" tests="1" failures="0" timestamp="06 Feb 2019 06:58:31 GMT" time="58.738" errors="0">
  <testcase name="logIn" time="58.738" classname="com.mavenFirst.Log4j"/>
</testsuite> <!-- com.mavenFirst.Log4j -->
