<?xml version="1.0" encoding="UTF-8"?>
<!-- Generated by org.testng.reporters.JUnitReportReporter -->
<testsuite skipped="0" hostname="DESKTOP-3V1LPDJ" name="pom.NewTours.NewToursHomePageTest" tests="1" failures="0" timestamp="08 Feb 2019 07:04:00 GMT" time="104.295" errors="0">
  <testcase name="homePageTest" time="104.295" classname="pom.NewTours.NewToursHomePageTest"/>
</testsuite> <!-- pom.NewTours.NewToursHomePageTest -->
